生成启动时间为 2016/12/29 20:43:18。
     1>项目“C:\Users\lppl\Desktop\SML\SML\SML\SML.vcxproj”在节点 2 上(Build 个目标)。
     1>ClCompile:
         C:\Program Files (x86)\Microsoft Visual Studio 12.0\VC\bin\CL.exe /c /ZI /nologo /W3 /WX- /sdl /Od /Oy- /D WIN32 /D _DEBUG /D _CONSOLE /D _LIB /D _UNICODE /D UNICODE /Gm /EHsc /RTC1 /MDd /GS /fp:precise /Zc:wchar_t /Zc:forScope /Fo"Debug\\" /Fd"Debug\vc120.pdb" /Gd /TP /analyze- /errorReport:prompt FileRead.cpp main.cpp
         main.cpp
     1>c:\users\lppl\desktop\sml\sml\sml\main.cpp(33): warning C4244: “=”: 从“double”转换到“float”，可能丢失数据
         FileRead.cpp
     1>c:\users\lppl\desktop\sml\sml\sml\fileread.cpp(24): warning C4018: “<”: 有符号/无符号不匹配
         正在生成代码...
       Link:
         C:\Program Files (x86)\Microsoft Visual Studio 12.0\VC\bin\link.exe /ERRORREPORT:PROMPT /OUT:"C:\Users\lppl\Desktop\SML\SML\Debug\SML.exe" /INCREMENTAL /NOLOGO opencv_ml2411d.lib opencv_calib3d2411d.lib opencv_contrib2411d.lib opencv_core2411d.lib opencv_features2d2411d.lib opencv_flann2411d.lib opencv_gpu2411d.lib opencv_highgui2411d.lib opencv_imgproc2411d.lib opencv_legacy2411d.lib opencv_objdetect2411d.lib opencv_ts2411d.lib opencv_video2411d.lib opencv_nonfree2411d.lib opencv_ocl2411d.lib opencv_photo2411d.lib opencv_stitching2411d.lib opencv_superres2411d.lib opencv_videostab2411d.lib kernel32.lib user32.lib gdi32.lib winspool.lib comdlg32.lib advapi32.lib shell32.lib ole32.lib oleaut32.lib uuid.lib odbc32.lib odbccp32.lib /MANIFEST /MANIFESTUAC:"level='asInvoker' uiAccess='false'" /manifest:embed /DEBUG /PDB:"C:\Users\lppl\Desktop\SML\SML\Debug\SML.pdb" /SUBSYSTEM:CONSOLE /TLBID:1 /DYNAMICBASE /NXCOMPAT /IMPLIB:"C:\Users\lppl\Desktop\SML\SML\Debug\SML.lib" /MACHINE:X86 Debug\EM.obj
         Debug\FileRead.obj
         Debug\FloorMulGauss.obj
         Debug\kmeans.obj
         Debug\main.obj
         Debug\MatConvert.obj
         Debug\MulGauss.obj
         Debug\Normlize.obj
         SML.vcxproj -> C:\Users\lppl\Desktop\SML\SML\Debug\SML.exe
     1>已完成生成项目“C:\Users\lppl\Desktop\SML\SML\SML\SML.vcxproj”(Build 个目标)的操作。

生成成功。

已用时间 00:00:04.51
