c:\users\lppl\desktop\sml\sml\sml\debug\vc120.pdb
c:\users\lppl\desktop\sml\sml\sml\debug\vc120.idb
c:\users\lppl\desktop\sml\sml\sml\debug\em.obj
c:\users\lppl\desktop\sml\sml\sml\debug\fileread.obj
c:\users\lppl\desktop\sml\sml\sml\debug\kmeans.obj
c:\users\lppl\desktop\sml\sml\sml\debug\main.obj
c:\users\lppl\desktop\sml\sml\sml\debug\matconvert.obj
c:\users\lppl\desktop\sml\sml\sml\debug\mulgauss.obj
c:\users\lppl\desktop\sml\sml\sml\debug\normlize.obj
c:\users\lppl\desktop\sml\sml\sml\debug\floormulgauss.obj
c:\users\lppl\desktop\sml\sml\sml\debug\writefeaturedata.obj
c:\users\lppl\desktop\sml\sml\debug\sml.pdb
c:\users\lppl\desktop\sml\sml\debug\sml.exe
c:\users\lppl\desktop\sml\sml\debug\sml.ilk
c:\users\lppl\desktop\sml\sml\sml\debug\sml.tlog\cl.command.1.tlog
c:\users\lppl\desktop\sml\sml\sml\debug\sml.tlog\cl.read.1.tlog
c:\users\lppl\desktop\sml\sml\sml\debug\sml.tlog\cl.write.1.tlog
c:\users\lppl\desktop\sml\sml\sml\debug\sml.tlog\link.command.1.tlog
c:\users\lppl\desktop\sml\sml\sml\debug\sml.tlog\link.read.1.tlog
c:\users\lppl\desktop\sml\sml\sml\debug\sml.tlog\link.write.1.tlog
