生成启动时间为 2016/12/29 20:43:32。
     1>项目“C:\Users\lppl\Desktop\SML\SML\SML\SML.vcxproj”在节点 2 上(Build 个目标)。
     1>ClCompile:
         C:\Program Files (x86)\Microsoft Visual Studio 12.0\VC\bin\CL.exe /c /Zi /nologo /W3 /WX- /sdl /O2 /Oi /Oy- /GL /D WIN32 /D NDEBUG /D _CONSOLE /D _LIB /D _UNICODE /D UNICODE /Gm- /EHsc /MD /GS /Gy /fp:precise /Zc:wchar_t /Zc:forScope /Fo"Release\\" /Fd"Release\vc120.pdb" /Gd /TP /analyze- /errorReport:prompt FileRead.cpp main.cpp
         FileRead.cpp
     1>FileRead.cpp(24): warning C4018: “<”: 有符号/无符号不匹配
         main.cpp
     1>main.cpp(33): warning C4244: “=”: 从“double”转换到“float”，可能丢失数据
       Link:
         C:\Program Files (x86)\Microsoft Visual Studio 12.0\VC\bin\link.exe /ERRORREPORT:PROMPT /OUT:"C:\Users\lppl\Desktop\SML\SML\Release\SML.exe" /INCREMENTAL:NO /NOLOGO opencv_objdetect2411.lib opencv_ts2411.lib opencv_video2411.lib opencv_nonfree2411.lib opencv_ocl2411.lib opencv_photo2411.lib opencv_stitching2411.lib opencv_superres2411.lib opencv_videostab2411.lib opencv_calib3d2411.lib opencv_contrib2411.lib opencv_core2411.lib opencv_features2d2411.lib opencv_flann2411.lib opencv_gpu2411.lib opencv_highgui2411.lib opencv_imgproc2411.lib opencv_legacy2411.lib opencv_ml2411.lib kernel32.lib user32.lib gdi32.lib winspool.lib comdlg32.lib advapi32.lib shell32.lib ole32.lib oleaut32.lib uuid.lib odbc32.lib odbccp32.lib /MANIFEST /MANIFESTUAC:"level='asInvoker' uiAccess='false'" /manifest:embed /DEBUG /PDB:"C:\Users\lppl\Desktop\SML\SML\Release\SML.pdb" /SUBSYSTEM:CONSOLE /OPT:REF /OPT:ICF /LTCG /TLBID:1 /DYNAMICBASE /NXCOMPAT /IMPLIB:"C:\Users\lppl\Desktop\SML\SML\Release\SML.lib" /MACHINE:X86 /SAFESEH Release\EM.obj
         Release\FileRead.obj
         Release\FloorMulGauss.obj
         Release\kmeans.obj
         Release\main.obj
         Release\MatConvert.obj
         Release\MulGauss.obj
         Release\Normlize.obj
         正在生成代码
         已完成代码的生成
         SML.vcxproj -> C:\Users\lppl\Desktop\SML\SML\Release\SML.exe
     1>已完成生成项目“C:\Users\lppl\Desktop\SML\SML\SML\SML.vcxproj”(Build 个目标)的操作。

生成成功。

已用时间 00:00:04.73
